{"body":{"task":"this error handle"},"level":"info","message":"Incoming request","timestamp":"2024-01-02T16:11:27.577Z"}
{"body":{"task":"this error handle"},"level":"info","message":"Incoming request","timestamp":"2024-01-02T16:15:14.638Z"}
{"body":{"task":"this error handle"},"level":"info","message":"Incoming request","timestamp":"2024-01-02T16:15:55.838Z"}
{"body":{"task":"this error handle"},"level":"info","message":"Incoming request","timestamp":"2024-01-02T16:16:02.217Z"}
{"body":{"task":"this error handle"},"level":"info","message":"Incoming request","timestamp":"2024-01-02T16:16:11.598Z"}
{"body":{"task":"this error handle"},"level":"info","message":"Incoming request","timestamp":"2024-01-02T16:17:16.199Z"}
{"body":{"task":"this error handle"},"level":"info","message":"Incoming request","timestamp":"2024-01-02T16:17:44.310Z"}
{"body":{"task":"this error handle"},"level":"info","message":"Incoming request","timestamp":"2024-01-02T16:17:49.349Z"}
{"body":{"task":"this error handle"},"level":"info","message":"Incoming request","timestamp":"2024-01-02T16:17:52.265Z"}
{"body":{"task":"this error handle"},"level":"info","message":"Incoming request","timestamp":"2024-01-02T16:21:19.843Z"}
{"body":{"task":"this error handle"},"level":"info","message":"Incoming request","timestamp":"2024-01-02T16:28:46.459Z"}
{"body":{"task":"this error handle"},"level":"info","message":"Incoming request","timestamp":"2024-01-02T16:29:16.105Z"}
{"body":{"task":"this error handle"},"level":"info","message":"Incoming request","timestamp":"2024-01-02T16:30:47.201Z"}
{"body":{"task":"this error handle"},"level":"info","message":"Incoming request","timestamp":"2024-01-02T16:31:46.550Z"}
{"body":{"task":"this error handle"},"level":"info","message":"Incoming request","timestamp":"2024-01-02T16:33:33.276Z"}
{"body":{"task":"this error handle"},"level":"info","message":"Incoming request","timestamp":"2024-01-02T16:33:48.049Z"}
{"body":{"task":"this error handle"},"level":"info","message":"Incoming request","timestamp":"2024-01-02T16:33:54.311Z"}
{"body":{"task":"hunxa"},"level":"info","message":"Incoming request","timestamp":"2024-01-02T16:34:34.520Z"}
{"body":{"task":"hunxa"},"level":"info","message":"Incoming request","timestamp":"2024-01-02T16:34:45.098Z"}
{"body":{"task":"this error handle"},"level":"info","message":"Incoming request","timestamp":"2024-01-02T16:34:56.134Z"}
{"body":{"task":"this error handle"},"level":"info","message":"Incoming request","timestamp":"2024-01-02T16:35:01.531Z"}
{"body":{"task":"this error handle"},"level":"info","message":"Incoming request","timestamp":"2024-01-02T16:35:05.615Z"}
{"body":{"task":"this error handle"},"level":"info","message":"Incoming request","timestamp":"2024-01-02T16:35:32.055Z"}
{"body":{"task":"this error handle"},"level":"info","message":"Incoming request","timestamp":"2024-01-02T16:38:36.672Z"}
{"body":{"task":"this error handle"},"level":"info","message":"Incoming request","timestamp":"2024-01-02T16:42:41.214Z"}
{"body":{"task":"this error handle"},"level":"info","message":"Incoming request","timestamp":"2024-01-02T16:43:17.343Z"}
{"body":{"task":"this error handle"},"level":"info","message":"Incoming request","timestamp":"2024-01-02T16:44:39.233Z"}
{"body":{"task":"this error handle"},"level":"info","message":"Incoming request","timestamp":"2024-01-02T16:45:18.976Z"}
{"body":{"task":"this error handle"},"level":"info","message":"Incoming request","timestamp":"2024-01-02T16:46:11.460Z"}
{"body":{"task":"this error handle"},"level":"info","message":"Incoming request","timestamp":"2024-01-02T16:47:28.920Z"}
{"body":{"task":"this error handle"},"level":"info","message":"Incoming request","timestamp":"2024-01-02T16:49:43.608Z"}
{"body":{"task":"this error handle"},"level":"info","message":"Incoming request","timestamp":"2024-01-02T16:49:48.675Z"}
{"body":{"task":"this error handle"},"level":"info","message":"Incoming request","timestamp":"2024-01-02T16:50:01.091Z"}
{"body":{"task":"this error handle"},"level":"info","message":"Incoming request","timestamp":"2024-01-02T16:50:04.921Z"}
{"body":{"email":"aklsdjhflakjsdhf","password":"asdfaqwer","username":"hunxa"},"level":"info","message":"Incoming request","timestamp":"2024-01-02T17:20:06.907Z"}
{"body":{"email":"aklsdjhflakjsdhf","password":"asdfaqwer","username":"hunxa"},"level":"info","message":"Incoming request","timestamp":"2024-01-02T17:20:30.182Z"}
{"body":{"email":"aklsdjhflakjsdhf","password":"asdfaqwer","username":"hunxa"},"level":"info","message":"Incoming request","timestamp":"2024-01-02T17:20:43.311Z"}
{"body":{"email":"aklsdjhflakjsdhf","password":"asdfaqwer","username":"hunxa"},"level":"info","message":"Incoming request","timestamp":"2024-01-02T17:21:45.438Z"}
{"body":{"email":"aklsdjhflakjsdhf","password":"asdfaqwer","username":"hunxa"},"level":"info","message":"Incoming request","timestamp":"2024-01-02T17:22:24.685Z"}
{"body":{"email":"aklsdjhflakjsdhf@asf.com","password":"a","username":"hunxa"},"level":"info","message":"Incoming request","timestamp":"2024-01-02T17:22:59.772Z"}
{"body":{"email":"aklsdjhflakjsdhf@asf.com","password":"asdfa","username":"hunxa"},"level":"info","message":"Incoming request","timestamp":"2024-01-02T17:23:33.402Z"}
{"level":"info","message":"New user added","timestamp":"2024-01-02T17:23:33.461Z"}
{"body":{"email":"aklsdjhflakjsdhf@asf.com","password":"asdfa","username":"hunxa"},"level":"info","message":"Incoming request","timestamp":"2024-01-02T17:26:31.375Z"}
{"level":"info","message":"New user added","timestamp":"2024-01-02T17:26:31.428Z"}
{"body":{"email":"aklsdjhflakjsdhf","password":"asdfa","username":"hunxa"},"level":"info","message":"Incoming request","timestamp":"2024-01-02T17:26:49.336Z"}
{"body":{"email":"aklsdjhflakjsdhf","password":"asdfa","username":"hunxa"},"level":"info","message":"Incoming request","timestamp":"2024-01-02T17:29:08.590Z"}
{"body":{"email":"aklsdjhflakjsdhf","password":"asdfa","username":"hunxa"},"level":"info","message":"Incoming request","timestamp":"2024-01-02T17:29:34.489Z"}
{"body":{"email":"aklsdjhflakjsdhf","password":"asdfa","username":"hunxa"},"level":"info","message":"Incoming request","timestamp":"2024-01-02T17:30:00.055Z"}
{"body":{"email":"adsf@adsf.com","password":"a","username":"hunxa"},"level":"info","message":"Incoming request","timestamp":"2024-01-02T17:30:47.340Z"}
{"body":{"email":"adsf@adsf.com","password":"ab","username":""},"level":"info","message":"Incoming request","timestamp":"2024-01-02T17:30:53.404Z"}
{"body":{"email":"adsf@adsf.com","password":"ab","username":"a"},"level":"info","message":"Incoming request","timestamp":"2024-01-02T17:30:58.785Z"}
{"level":"info","message":"New user added","timestamp":"2024-01-02T17:30:58.839Z"}
{"body":{"email":"akon@akon.com","password":"akon","username":"akon"},"level":"info","message":"Incoming request","timestamp":"2024-01-02T17:33:30.088Z"}
{"level":"info","message":"New user added","timestamp":"2024-01-02T17:33:30.149Z"}
{"body":{"email":"akon@akon.com","password":""},"level":"info","message":"Incoming request","timestamp":"2024-01-02T17:33:55.633Z"}
{"body":{"email":"akon.com","password":"akon"},"level":"info","message":"Incoming request","timestamp":"2024-01-02T17:34:01.626Z"}
{"body":{"email":"akon@akon.com","password":"akon"},"level":"info","message":"Incoming request","timestamp":"2024-01-02T17:34:04.467Z"}
{"body":{"email":"akon@akon.com","password":"akon"},"level":"info","message":"Incoming request","timestamp":"2024-01-02T17:34:19.024Z"}
{"level":"info","message":"Login success","timestamp":"2024-01-02T17:34:19.091Z"}
{"body":{"email":"akon@akon.com","password":"akon"},"level":"info","message":"Incoming request","timestamp":"2024-01-02T17:44:35.492Z"}
{"level":"info","message":"Login success","timestamp":"2024-01-02T17:44:35.544Z"}
{"body":{"task":"this error handle"},"level":"info","message":"Incoming request","timestamp":"2024-01-02T17:44:44.953Z"}
{"body":{"task":"this error handle"},"level":"info","message":"Incoming request","timestamp":"2024-01-02T17:45:34.690Z"}
{"body":{"task":"this middlewate handle"},"level":"info","message":"Incoming request","timestamp":"2024-01-02T17:46:31.611Z"}
{"body":{"task":"this middlewate handle"},"level":"info","message":"Incoming request","timestamp":"2024-01-02T17:46:38.885Z"}
{"body":{"task":""},"level":"info","message":"Incoming request","timestamp":"2024-01-02T17:46:46.896Z"}
{"body":{"task":"this middlewate "},"level":"info","message":"Incoming request","timestamp":"2024-01-02T17:47:02.420Z"}
{"body":{"task":"this middlewate "},"level":"info","message":"Incoming request","timestamp":"2024-01-02T17:48:05.957Z"}
{"body":{"task":"this middlewate "},"level":"info","message":"Incoming request","timestamp":"2024-01-02T17:48:10.357Z"}
{"body":{"task":"this middlewate "},"level":"info","message":"Incoming request","timestamp":"2024-01-02T17:48:31.361Z"}
{"body":{"task":"this middlewate "},"level":"info","message":"Incoming request","timestamp":"2024-01-02T17:48:54.127Z"}
{"body":{"task":"this middlewate "},"level":"info","message":"Incoming request","timestamp":"2024-01-02T17:49:53.455Z"}
{"body":{"task":"this middlewate "},"level":"info","message":"Incoming request","timestamp":"2024-01-02T17:50:04.371Z"}
{"body":{"task":"this middlewate "},"level":"info","message":"Incoming request","timestamp":"2024-01-02T17:50:26.229Z"}
{"body":{"task":"this middlewate "},"level":"info","message":"Incoming request","timestamp":"2024-01-02T17:50:42.143Z"}
{"body":{"task":"this middlewate "},"level":"info","message":"Incoming request","timestamp":"2024-01-02T17:51:15.507Z"}
{"body":{"task":"this middlewate "},"level":"info","message":"Incoming request","timestamp":"2024-01-02T17:55:18.304Z"}
{"body":{"task":"this middlewate "},"level":"info","message":"Incoming request","timestamp":"2024-01-02T17:55:24.600Z"}
{"body":{"task":"this middlewate "},"level":"info","message":"Incoming request","timestamp":"2024-01-02T17:55:46.065Z"}
{"body":{"task":"this middlewate "},"level":"info","message":"Incoming request","timestamp":"2024-01-02T17:55:51.768Z"}
{"body":{"task":"this middlewate "},"level":"info","message":"Incoming request","timestamp":"2024-01-02T17:56:04.114Z"}
{"body":{"task":"this middlewate "},"level":"info","message":"Incoming request","timestamp":"2024-01-02T17:56:30.249Z"}
{"body":{"task":"this middlewate "},"level":"info","message":"Incoming request","timestamp":"2024-01-02T17:56:33.630Z"}
{"body":{"task":"this middlewate "},"level":"info","message":"Incoming request","timestamp":"2024-01-02T17:56:36.007Z"}
{"body":{"task":"this middlewate "},"level":"info","message":"Incoming request","timestamp":"2024-01-02T17:56:38.107Z"}
{"body":{"task":"this middlewate "},"level":"info","message":"Incoming request","timestamp":"2024-01-02T17:57:05.648Z"}
{"body":{"task":"this middlewate "},"level":"info","message":"Incoming request","timestamp":"2024-01-02T17:57:08.472Z"}
{"body":{"task":"this middlewate "},"level":"info","message":"Incoming request","timestamp":"2024-01-02T17:57:52.764Z"}
{"body":{"task":"this middlewate "},"level":"info","message":"Incoming request","timestamp":"2024-01-02T17:58:20.288Z"}
{"body":{"task":"this middlewate "},"level":"info","message":"Incoming request","timestamp":"2024-01-02T17:58:34.014Z"}
{"body":{"task":"this middlewate "},"level":"info","message":"Incoming request","timestamp":"2024-01-02T18:00:08.940Z"}
{"body":{"task":"this middlewate "},"level":"info","message":"Incoming request","timestamp":"2024-01-02T18:00:19.483Z"}
{"body":{"task":"this middlewate "},"level":"info","message":"Incoming request","timestamp":"2024-01-02T18:00:53.961Z"}
{"body":{"task":"this middlewate "},"level":"info","message":"Incoming request","timestamp":"2024-01-02T18:01:01.267Z"}
{"body":{"task":"this middlewate "},"level":"info","message":"Incoming request","timestamp":"2024-01-02T18:01:18.004Z"}
{"body":{"task":"this middlewate "},"level":"info","message":"Incoming request","timestamp":"2024-01-02T18:01:22.278Z"}
{"body":{"task":"this middlewate "},"level":"info","message":"Incoming request","timestamp":"2024-01-02T18:01:25.773Z"}
{"body":{"task":"this middlewate "},"level":"info","message":"Incoming request","timestamp":"2024-01-02T18:01:30.733Z"}
{"body":{"task":"this middlewate "},"level":"info","message":"Incoming request","timestamp":"2024-01-02T18:01:32.969Z"}
{"body":{"task":"this middlewate "},"level":"info","message":"Incoming request","timestamp":"2024-01-02T18:01:38.692Z"}
{"body":{"task":"this middlewate "},"level":"info","message":"Incoming request","timestamp":"2024-01-02T18:02:53.176Z"}
{"body":{"task":""},"level":"info","message":"Incoming request","timestamp":"2024-01-02T18:03:00.742Z"}
{"body":{"task":"this is validating middleware"},"level":"info","message":"Incoming request","timestamp":"2024-01-02T18:03:15.352Z"}
{"body":{"task":"this is validating middleware"},"level":"info","message":"Incoming request","timestamp":"2024-01-02T18:03:24.615Z"}
{"body":{"task":"this is validating middleware"},"level":"info","message":"Incoming request","timestamp":"2024-01-02T18:03:36.584Z"}
{"body":{"task":"this is validating middleware"},"level":"info","message":"Incoming request","timestamp":"2024-01-02T18:03:40.841Z"}
{"body":{"task":"this is validating middleware"},"level":"info","message":"Incoming request","timestamp":"2024-01-02T18:03:47.070Z"}
{"body":{"task":"this is validating middleware"},"level":"info","message":"Incoming request","timestamp":"2024-01-02T18:03:55.229Z"}
{"body":{"task":"this is validating middleware"},"level":"info","message":"Incoming request","timestamp":"2024-01-02T18:03:58.663Z"}
{"body":{"task":"this is validating middleware"},"level":"info","message":"Incoming request","timestamp":"2024-01-02T18:04:01.959Z"}
{"body":{"task":"this is nonvalidating  middleware"},"level":"info","message":"Incoming request","timestamp":"2024-01-02T18:04:19.589Z"}
{"body":{"task":"this is nonvalidating  middleware"},"level":"info","message":"Incoming request","timestamp":"2024-01-02T18:04:42.539Z"}
{"body":{"task":"this is nonvalidating  middleware"},"level":"info","message":"Incoming request","timestamp":"2024-01-02T18:04:48.141Z"}
{"body":{"task":"this is nonvalidating  middleware"},"level":"info","message":"Incoming request","timestamp":"2024-01-02T18:04:50.914Z"}
{"body":{"task":"this is nonvalidating  middleware"},"level":"info","message":"Incoming request","timestamp":"2024-01-02T18:04:56.069Z"}
{"body":{"task":"this is nonvalidating  middleware"},"level":"info","message":"Incoming request","timestamp":"2024-01-02T18:05:09.939Z"}
{"body":{"task":"this is nonvalidating  middleware"},"level":"info","message":"Incoming request","timestamp":"2024-01-02T18:05:23.672Z"}
{"body":{"task":"this is nonvalidating  middleware"},"level":"info","message":"Incoming request","timestamp":"2024-01-02T18:05:26.885Z"}
